<?xml version="1.0" encoding="UTF-8"?>
<!-- Generated by org.testng.reporters.JUnitReportReporter -->
<testsuite skipped="0" hostname="Mohib" name="q2.Q2" tests="1" failures="0" timestamp="26 May 2018 19:35:41 GMT" time="28.757" errors="0">
  <testcase name="q2" time="28.757" classname="q2.Q2"/>
</testsuite> <!-- q2.Q2 -->
