<?xml version="1.0" encoding="UTF-8"?>
<!-- Generated by org.testng.reporters.JUnitReportReporter -->
<testsuite skipped="0" hostname="Mohib" name="assignment2.A2" tests="1" failures="0" timestamp="26 May 2018 23:09:36 GMT" time="19.574" errors="0">
  <testcase name="Test" time="19.574" classname="assignment2.A2"/>
</testsuite> <!-- assignment2.A2 -->
