<?xml version="1.0" encoding="UTF-8"?>
<!-- Generated by org.testng.reporters.JUnitReportReporter -->
<testsuite skipped="0" hostname="Mohib" name="assignment2.A2Stepdefination" tests="1" failures="0" timestamp="26 May 2018 23:45:43 GMT" time="18.971" errors="0">
  <testcase name="Test" time="18.971" classname="assignment2.A2Stepdefination"/>
</testsuite> <!-- assignment2.A2Stepdefination -->
